<?xml version="1.0" encoding="UTF-8"?>
<!-- Generated by org.testng.reporters.JUnitReportReporter -->
<testsuite hostname="DESKTOP-9HBQEP9" failures="0" tests="1" name="ninza_hrm.DuplicateId" time="2.794" errors="0" timestamp="2024-08-14T10:29:21 IST" skipped="0">
  <testcase classname="ninza_hrm.DuplicateId" name="postdata" time="2.794"/>
  <system-out/>
</testsuite> <!-- ninza_hrm.DuplicateId -->
