<?xml version="1.0" encoding="UTF-8"?>
<!-- Generated by org.testng.reporters.JUnitReportReporter -->
<testsuite hostname="DESKTOP-9HBQEP9" failures="0" tests="1" name="ninza_hrm.Addproject" time="8.668" errors="0" timestamp="2024-08-13T14:37:17 IST" skipped="0">
  <testcase classname="ninza_hrm.Addproject" name="postdata" time="8.668"/>
  <system-out/>
</testsuite> <!-- ninza_hrm.Addproject -->
